"../../../../../../Users/ADMIN/Documents/battletank/FirstPersonShooter/Content/dynamic/character/AI/focus.uasset" 0
"../../../../../../Users/ADMIN/Documents/battletank/FirstPersonShooter/Content/dynamic/character/AI/iswithinrange.uasset" 1
"../../../../../../Users/ADMIN/Documents/battletank/FirstPersonShooter/Content/static/NPC/character/UE4_Mannequin_Skeleton.uasset" 2
"../../../../../../Users/ADMIN/Documents/battletank/FirstPersonShooter/Content/dynamic/character/Animations/TP_Animationclips/Aim_Space_Hip.uasset" 3
"../../../../../../Users/ADMIN/Documents/battletank/FirstPersonShooter/Content/dynamic/character/Animations/TP_Animationclips/Crouch_Idle_Rifle_Ironsights.uasset" 4
"../../../../../../Users/ADMIN/Documents/battletank/FirstPersonShooter/Content/dynamic/character/Animations/TP_Animationclips/Crouch_to_Stand_Rifle_Hip.uasset" 5
"../../../../../../Users/ADMIN/Documents/battletank/FirstPersonShooter/Content/dynamic/character/Animations/TP_Animationclips/Crouch_to_Stand_Rifle_Ironsights.uasset" 6
"../../../../../../Users/ADMIN/Documents/battletank/FirstPersonShooter/Content/dynamic/character/Animations/TP_Animationclips/Crouch_Walk_Bwd_Rifle_Ironsights.uasset" 7
"../../../../../../Users/ADMIN/Documents/battletank/FirstPersonShooter/Content/dynamic/character/Animations/TP_Animationclips/Crouch_Walk_Fwd_Rifle_Ironsights.uasset" 8
"../../../../../../Users/ADMIN/Documents/battletank/FirstPersonShooter/Content/dynamic/character/Animations/TP_Animationclips/Crouch_Walk_Lt_Rifle_Ironsights.uasset" 9
"../../../../../../Users/ADMIN/Documents/battletank/FirstPersonShooter/Content/dynamic/character/Animations/TP_Animationclips/Crouch_Walk_Rt_Rifle_Ironsights.uasset" 10
"../../../../../../Users/ADMIN/Documents/battletank/FirstPersonShooter/Content/dynamic/character/Animations/TP_Animationclips/Death_1.uasset" 11
"../../../../../../Users/ADMIN/Documents/battletank/FirstPersonShooter/Content/dynamic/character/Animations/TP_Animationclips/Death_2.uasset" 12
"../../../../../../Users/ADMIN/Documents/battletank/FirstPersonShooter/Content/dynamic/character/Animations/TP_Animationclips/Death_Ironsights_1.uasset" 13
"../../../../../../Users/ADMIN/Documents/battletank/FirstPersonShooter/Content/dynamic/character/Animations/TP_Animationclips/Death_Ironsights_2.uasset" 14
"../../../../../../Users/ADMIN/Documents/battletank/FirstPersonShooter/Content/dynamic/character/Animations/TP_Animationclips/Equip_Pistol_Standing.uasset" 15
"../../../../../../Users/ADMIN/Documents/battletank/FirstPersonShooter/Content/dynamic/character/Animations/TP_Animationclips/Equip_Rifle_Standing.uasset" 16
"../../../../../../Users/ADMIN/Documents/battletank/FirstPersonShooter/Content/dynamic/character/Animations/TP_Animationclips/Fire_Rifle_Hip.uasset" 17
"../../../../../../Users/ADMIN/Documents/battletank/FirstPersonShooter/Content/dynamic/character/Animations/TP_Animationclips/Fire_Shotgun_Hip.uasset" 18
"../../../../../../Users/ADMIN/Documents/battletank/FirstPersonShooter/Content/dynamic/character/Animations/TP_Animationclips/Fire_Shotgun_Ironsights.uasset" 19
"../../../../../../Users/ADMIN/Documents/battletank/FirstPersonShooter/Content/dynamic/character/Animations/TP_Animationclips/Hit_React_1.uasset" 20
"../../../../../../Users/ADMIN/Documents/battletank/FirstPersonShooter/Content/dynamic/character/Animations/TP_Animationclips/Hit_React_2.uasset" 21
"../../../../../../Users/ADMIN/Documents/battletank/FirstPersonShooter/Content/dynamic/character/Animations/TP_Animationclips/Hit_React_3.uasset" 22
"../../../../../../Users/ADMIN/Documents/battletank/FirstPersonShooter/Content/dynamic/character/Animations/TP_Animationclips/Hit_React_4.uasset" 23
"../../../../../../Users/ADMIN/Documents/battletank/FirstPersonShooter/Content/dynamic/character/Animations/TP_Animationclips/Idle_Pistol.uasset" 24
"../../../../../../Users/ADMIN/Documents/battletank/FirstPersonShooter/Content/dynamic/character/Animations/TP_Animationclips/Idle_Rifle_Hip_Break1.uasset" 25
"../../../../../../Users/ADMIN/Documents/battletank/FirstPersonShooter/Content/dynamic/character/Animations/TP_Animationclips/Idle_Rifle_Hip_Break2.uasset" 26
"../../../../../../Users/ADMIN/Documents/battletank/FirstPersonShooter/Content/dynamic/character/Animations/TP_Animationclips/Jump_From_Stand_Ironsights.uasset" 27
"../../../../../../Users/ADMIN/Documents/battletank/FirstPersonShooter/Content/dynamic/character/Animations/TP_Animationclips/Prone_Death_1.uasset" 28
"../../../../../../Users/ADMIN/Documents/battletank/FirstPersonShooter/Content/dynamic/character/Animations/TP_Animationclips/Prone_Death_2.uasset" 29
"../../../../../../Users/ADMIN/Documents/battletank/FirstPersonShooter/Content/dynamic/character/Animations/TP_Animationclips/Prone_Fire_1.uasset" 30
"../../../../../../Users/ADMIN/Documents/battletank/FirstPersonShooter/Content/dynamic/character/Animations/TP_Animationclips/Prone_Fire_2.uasset" 31
"../../../../../../Users/ADMIN/Documents/battletank/FirstPersonShooter/Content/dynamic/character/Animations/TP_Animationclips/Prone_Idle.uasset" 32
"../../../../../../Users/ADMIN/Documents/battletank/FirstPersonShooter/Content/dynamic/character/Animations/TP_Animationclips/Prone_Reload_Rifle.uasset" 33
"../../../../../../Users/ADMIN/Documents/battletank/FirstPersonShooter/Content/dynamic/character/Animations/TP_Animationclips/Prone_Reload_Shotgun.uasset" 34
"../../../../../../Users/ADMIN/Documents/battletank/FirstPersonShooter/Content/dynamic/character/Animations/TP_Animationclips/Prone_To_Stand.uasset" 35
"../../../../../../Users/ADMIN/Documents/battletank/FirstPersonShooter/Content/dynamic/character/Animations/TP_Animationclips/Reload_Pistol.uasset" 36
"../../../../../../Users/ADMIN/Documents/battletank/FirstPersonShooter/Content/dynamic/character/Animations/TP_Animationclips/Reload_Rifle_Hip.uasset" 37
"../../../../../../Users/ADMIN/Documents/battletank/FirstPersonShooter/Content/dynamic/character/Animations/TP_Animationclips/Reload_Rifle_Ironsights.uasset" 38
"../../../../../../Users/ADMIN/Documents/battletank/FirstPersonShooter/Content/dynamic/character/Animations/TP_Animationclips/Reload_Shotgun_Hip.uasset" 39
"../../../../../../Users/ADMIN/Documents/battletank/FirstPersonShooter/Content/dynamic/character/Animations/TP_Animationclips/Reload_Shotgun_Ironsights.uasset" 40
"../../../../../../Users/ADMIN/Documents/battletank/FirstPersonShooter/Content/dynamic/character/Animations/TP_Animationclips/Sprint_Fwd_Rifle.uasset" 41
"../../../../../../Users/ADMIN/Documents/battletank/FirstPersonShooter/Content/dynamic/character/Animations/TP_Animationclips/Stand_to_Crouch_Rifle_Hip.uasset" 42
"../../../../../../Users/ADMIN/Documents/battletank/FirstPersonShooter/Content/dynamic/character/Animations/TP_Animationclips/Stand_to_Crouch_Rifle_Ironsights.uasset" 43
"../../../../../../Users/ADMIN/Documents/battletank/FirstPersonShooter/Content/dynamic/character/Animations/TP_Animationclips/Stand_To_Prone.uasset" 44
"../../../Engine/Content/Functions/MaterialLayerFunctions/MatLayerBlend_OverrideOpacityMask.uasset" 45
"../../../../../../Users/ADMIN/Documents/battletank/FirstPersonShooter/Content/static/TestingGroundPack/RockPackProV1/Rock01/Textures/Rock01_Albedo.uasset" 46
"../../../../../../Users/ADMIN/Documents/battletank/FirstPersonShooter/Content/static/TestingGroundPack/RockPackProV1/Rock01/Textures/Rock01_Normals.uasset" 47
"../../../../../../Users/ADMIN/Documents/battletank/FirstPersonShooter/Content/static/TestingGroundPack/RockPackProV1/Rock01/Textures/Rock01_Occlusion.uasset" 48
"../../../../../../Users/ADMIN/Documents/battletank/FirstPersonShooter/Content/static/TestingGroundPack/RockPackProV1/Textures/RockDetail/Rocks_DetailAlbedo.uasset" 49
"../../../../../../Users/ADMIN/Documents/battletank/FirstPersonShooter/Content/static/TestingGroundPack/RockPackProV1/Rock01/Rock01_Material.uasset" 50
"../../../../../../Users/ADMIN/Documents/battletank/FirstPersonShooter/Content/static/TestingGroundPack/RockPackProV1/Rock01/Rock01_High.uasset" 51
"../../../../../../Users/ADMIN/Documents/battletank/FirstPersonShooter/Content/dynamic/Terrain/props/Rock_01_BP.uasset" 52
"../../../../../../Users/ADMIN/Documents/battletank/FirstPersonShooter/Content/static/Geometry/Meshes/CubeMaterial.uasset" 53
"../../../../../../Users/ADMIN/Documents/battletank/FirstPersonShooter/Content/static/Geometry/Meshes/1M_Cube_Chamfer.uasset" 54
"../../../../../../Users/ADMIN/Documents/battletank/FirstPersonShooter/Content/static/Geometry/Meshes/RampMaterial.uasset" 55
"../../../../../../Users/ADMIN/Documents/battletank/FirstPersonShooter/Content/static/Geometry/Meshes/Bump_StaticMesh.uasset" 56
"../../../../../../Users/ADMIN/Documents/battletank/FirstPersonShooter/Content/static/Geometry/Meshes/LeftArm_StaticMesh.uasset" 57
"../../../../../../Users/ADMIN/Documents/battletank/FirstPersonShooter/Content/static/Geometry/Meshes/Linear_Stair_StaticMesh.uasset" 58
"../../../../../../Users/ADMIN/Documents/battletank/FirstPersonShooter/Content/static/Geometry/Meshes/Ramp_StaticMesh.uasset" 59
"../../../../../../Users/ADMIN/Documents/battletank/FirstPersonShooter/Content/static/Geometry/Meshes/RightArm_StaticMesh.uasset" 60
"../../../../../../Users/ADMIN/Documents/battletank/FirstPersonShooter/Content/static/Geometry/Meshes/TemplateFloor.uasset" 61
"../../../../../../Users/ADMIN/Documents/battletank/FirstPersonShooter/Content/static/Player/Meshes/BaseMaterial.uasset" 62
"../../../../../../Users/ADMIN/Documents/battletank/FirstPersonShooter/Content/static/Player/Meshes/CubeMaterialOverride.uasset" 63
"../../../../../../Users/ADMIN/Documents/battletank/FirstPersonShooter/Content/static/Player/Textures/FirstPersonCrosshair.uasset" 64
"../../../../../../Users/ADMIN/Documents/battletank/FirstPersonShooter/Content/static/Player/Character/Textures/UE4_LOGO_CARD.uasset" 65
"../../../../../../Users/ADMIN/Documents/battletank/FirstPersonShooter/Content/static/weapons/Materials/MaterialLayers/ML_Plastic_Shiny_Beige_LOGO.uasset" 66
"../../../../../../Users/ADMIN/Documents/battletank/FirstPersonShooter/Content/static/weapons/Materials/MaterialLayers/T_ML_FineRubber.uasset" 67
"../../../../../../Users/ADMIN/Documents/battletank/FirstPersonShooter/Content/static/weapons/Mesh/SK_FPGun_PhysicsAsset.uasset" 68
"../../../Engine/Content/Animation/DefaultAnimCurveCompressionSettings.uasset" 69
"../../../Engine/Content/Functions/Engine_MaterialFunctions01/Opacity/CameraDepthFade.uasset" 70
"../../../Engine/Content/EngineMaterials/T_Default_Material_Grid_M.uasset" 71
"../../../Engine/Content/EngineMaterials/T_Default_Material_Grid_N.uasset" 72
"../../../Engine/Content/EngineMaterials/WorldGridMaterial.uasset" 73
"../../../Engine/Content/ArtTools/RenderToTexture/Meshes/S_1_Unit_Plane.uasset" 74
"../../../Engine/Content/EngineMaterials/DefaultMaterial.uasset" 75
"../../../Engine/Content/BasicShapes/Cone.uasset" 76
"../../../Engine/Content/BasicShapes/Cube.uasset" 77
"../../../Engine/Content/BasicShapes/Cylinder.uasset" 78
"../../../Engine/Content/BasicShapes/Plane.uasset" 79
"../../../Engine/Content/BasicShapes/Sphere.uasset" 80
"../../../Engine/Content/EditorLandscapeResources/DataLayer.uasset" 81
"../../../Engine/Content/EditorMaterials/GizmoMaterial.uasset" 82
"../../../Engine/Content/EditorMaterials/MAT_Groups_Toggle.uasset" 83
"../../../Engine/Content/EditorMaterials/MAT_Groups_Visibility.uasset" 84
"../../../Engine/Content/EditorMaterials/PreviewShadowIndicator.uasset" 85
"../../../Engine/Content/EditorMaterials/PreviewShadowIndicatorMaterial.uasset" 86
"../../../Engine/Content/EditorMaterials/MatineeGroups/MAT_ColorTrack.uasset" 87
"../../../Engine/Content/EditorMaterials/MatineeGroups/MAT_Groups_Anim.uasset" 88
"../../../Engine/Content/EditorMaterials/MatineeGroups/MAT_Groups_AudioMaster.uasset" 89
"../../../Engine/Content/EditorMaterials/MatineeGroups/MAT_Groups_Director.uasset" 90
"../../../Engine/Content/EditorMaterials/MatineeGroups/MAT_Groups_Event.uasset" 91
"../../../Engine/Content/EditorMaterials/MatineeGroups/MAT_Groups_Fade.uasset" 92
"../../../Engine/Content/EditorMaterials/MatineeGroups/MAT_Groups_Float.uasset" 93
"../../../Engine/Content/EditorMaterials/MatineeGroups/MAT_Groups_Move.uasset" 94
"../../../Engine/Content/EditorMaterials/MatineeGroups/MAT_Groups_Slomo.uasset" 95
"../../../Engine/Content/EditorMaterials/MatineeGroups/MAT_Groups_Sound.uasset" 96
"../../../Engine/Content/EditorMaterials/MatineeGroups/MAT_Groups_Vector.uasset" 97
"../../../Engine/Content/EditorMaterials/ParticleSystems/PSysThumbnail_NoImage.uasset" 98
"../../../Engine/Content/EditorMaterials/ParticleSystems/PSysThumbnail_OOD.uasset" 99
"../../../Engine/Content/EditorMaterials/Camera/CineMat.uasset" 100
"../../../Engine/Content/EditorMaterials/Camera/MI_CineMat_Rig.uasset" 101
"../../../Engine/Content/EditorMeshes/Camera/SM_CraneRig_Arm.uasset" 102
"../../../Engine/Content/EditorMeshes/Camera/SM_CraneRig_Base.uasset" 103
"../../../Engine/Content/EditorMeshes/Camera/SM_CraneRig_Body.uasset" 104
"../../../Engine/Content/EditorMeshes/Camera/SM_CraneRig_Mount.uasset" 105
"../../../Engine/Content/EditorMeshes/Camera/SM_RailRig_Mount.uasset" 106
"../../../Engine/Content/EditorMeshes/Camera/SM_RailRig_Track.uasset" 107
"../../../Engine/Content/EditorResources/BSPVertex.uasset" 108
"../../../Engine/Content/EditorResources/EmptyActor.uasset" 109
"../../../Engine/Content/EditorResources/S_Actor.uasset" 110
"../../../Engine/Content/EditorResources/S_Note.uasset" 111
"../../../Engine/Content/EditorResources/S_Trigger.uasset" 112
"../../../Engine/Content/EditorResources/LightIcons/S_LightError.uasset" 113
"../../../Engine/Content/EditorResources/SequenceRecorder/Countdown.uasset" 114
"../../../Engine/Content/EditorResources/SequenceRecorder/RecordingIndicator.uasset" 115
"../../../Engine/Content/EditorSounds/Notifications/CompileFailed.uasset" 116
"../../../Engine/Content/EditorSounds/Notifications/CompileFailed_Cue.uasset" 117
"../../../Engine/Content/EditorSounds/Notifications/CompileSuccess.uasset" 118
"../../../Engine/Content/EditorSounds/Notifications/CompileStart_Cue.uasset" 119
"../../../Engine/Content/EditorSounds/Notifications/CompileSuccess_Cue.uasset" 120
"../../../Engine/Content/EngineDamageTypes/DmgTypeBP_Environmental.uasset" 121
"../../../Engine/Content/EngineDebugMaterials/HeatmapGradient.uasset" 122
"../../../Engine/Content/EngineDebugMaterials/BoneWeightMaterial.uasset" 123
"../../../Engine/Content/EngineDebugMaterials/ClothMaterial.uasset" 124
"../../../Engine/Content/EngineDebugMaterials/ClothMaterial_WF.uasset" 125
"../../../Engine/Content/EngineDebugMaterials/DebugEditorMaterial.uasset" 126
"../../../Engine/Content/EngineDebugMaterials/DebugMeshMaterial.uasset" 127
"../../../Engine/Content/EngineDebugMaterials/GeomMaterial.uasset" 128
"../../../Engine/Content/EngineDebugMaterials/M_SimpleTranslucent.uasset" 129
"../../../Engine/Content/EngineFonts/Faces/RobotoBold.uasset" 130
"../../../Engine/Content/EngineFonts/Faces/RobotoBoldItalic.uasset" 131
"../../../Engine/Content/EngineFonts/Faces/RobotoItalic.uasset" 132
"../../../Engine/Content/EngineFonts/Faces/RobotoLight.uasset" 133
"../../../Engine/Content/EngineFonts/Faces/RobotoRegular.uasset" 134
"../../../Engine/Content/EngineFonts/Roboto.uasset" 135
"../../../Engine/Content/EngineFonts/Faces/RobotoTiny.uasset" 136
"../../../Engine/Content/EngineFonts/RobotoTiny.uasset" 137
"../../../Engine/Content/EngineMaterials/BaseFlattenDiffuseMap.uasset" 138
"../../../Engine/Content/EngineMaterials/BaseFlattenEmissiveMap.uasset" 139
"../../../Engine/Content/EngineMaterials/BaseFlattenGrayscaleMap.uasset" 140
"../../../Engine/Content/EngineMaterials/BaseFlattenNormalMap.uasset" 141
"../../../Engine/Content/EngineMaterials/BaseFlattenMaterial.uasset" 142
"../../../Engine/Content/EngineMaterials/DefaultBloomKernel.uasset" 143
"../../../Engine/Content/EngineMaterials/DefaultBokeh.uasset" 144
"../../../Engine/Content/EngineMaterials/DefaultDiffuse.uasset" 145
"../../../Engine/Content/EngineMaterials/DefaultDeferredDecalMaterial.uasset" 146
"../../../Engine/Content/EngineMaterials/DefaultLightFunctionMaterial.uasset" 147
"../../../Engine/Content/EngineMaterials/DefaultPhysicalMaterial.uasset" 148
"../../../Engine/Content/Functions/Engine_MaterialFunctions02/Utility/BreakOutFloat2Components.uasset" 149
"../../../Engine/Content/EngineMaterials/DefaultPostProcessMaterial.uasset" 150
"../../../Engine/Content/EngineFonts/RobotoDistanceField.uasset" 151
"../../../Engine/Content/EngineMaterials/DefaultTextMaterialOpaque.uasset" 152
"../../../Engine/Content/EngineMaterials/DefaultWhiteGrid.uasset" 153
"../../../Engine/Content/EngineMaterials/EditorBrushMaterial.uasset" 154
"../../../Engine/Content/EngineMaterials/MiniFont.uasset" 155
"../../../Engine/Content/EngineMaterials/InvalidLightmapSettings.uasset" 156
"../../../Engine/Content/EngineMaterials/M_InvalidLightmapSettings.uasset" 157
"../../../Engine/Content/Functions/Engine_MaterialFunctions02/WorldPositionOffset/CameraOffset.uasset" 158
"../../../Engine/Content/EngineMaterials/PhAT_JointLimitMaterial.uasset" 159
"../../../Engine/Content/EngineMaterials/PreintegratedSkinBRDF.uasset" 160
"../../../Engine/Content/EngineMaterials/RemoveSurfaceMaterial.uasset" 161
"../../../Engine/Content/EngineMaterials/WeightMapPlaceholderTexture.uasset" 162
"../../../Engine/Content/EngineResources/WhiteSquareTexture.uasset" 163
"../../../Engine/Content/EngineMaterials/Widget3DPassThrough.uasset" 164
"../../../Engine/Content/EngineMaterials/Widget3DPassThrough_Masked.uasset" 165
"../../../Engine/Content/EngineMaterials/Widget3DPassThrough_Opaque.uasset" 166
"../../../Engine/Content/EngineMaterials/Widget3DPassThrough_Masked_OneSided.uasset" 167
"../../../Engine/Content/EngineMaterials/Widget3DPassThrough_Opaque_OneSided.uasset" 168
"../../../Engine/Content/EngineMaterials/Widget3DPassThrough_Translucent.uasset" 169
"../../../Engine/Content/EngineMaterials/Widget3DPassThrough_Translucent_OneSided.uasset" 170
"../../../Engine/Content/EngineMeshes/Cylinder.uasset" 171
"../../../Engine/Content/EngineMeshes/Sphere.uasset" 172
"../../../Engine/Content/EngineResources/Black.uasset" 173
"../../../Engine/Content/EngineResources/DefaultTexture.uasset" 174
"../../../Engine/Content/EngineResources/DefaultTextureCube.uasset" 175
"../../../Engine/Content/EngineResources/DefaultVolumeTexture2D.uasset" 176
"../../../Engine/Content/EngineResources/DefaultVolumeTexture.uasset" 177
"../../../Engine/Content/EngineResources/GradientTexture0.uasset" 178
"../../../Engine/Content/EngineSounds/Master.uasset" 179
"../../../Engine/Content/Functions/Engine_MaterialFunctions01/Shading/ConvertFromDiffSpec.uasset" 180
"../../../Engine/Content/Functions/Engine_MaterialFunctions01/Shading/PowerToRoughness.uasset" 181
"../../../Engine/Content/Maps/Templates/Thumbnails/Default.uasset" 182
"../../../Engine/Content/Maps/Templates/Thumbnails/VR-Basic.uasset" 183
"../../../Engine/Content/MobileResources/T_MobileControls_texture.uasset" 184
"../../../Engine/Content/MobileResources/T_MobileMenu2.uasset" 185
"../../../Engine/Content/MobileResources/HUD/AnalogHat.uasset" 186
"../../../Engine/Content/MobileResources/HUD/VirtualJoystick_Background.uasset" 187
"../../../Engine/Content/MobileResources/HUD/VirtualJoystick_Thumb.uasset" 188
"../../../Engine/Content/MobileResources/HUD/DefaultVirtualJoysticks.uasset" 189
"../../../Engine/Content/MobileResources/HUD/LeftVirtualJoystickOnly.uasset" 190
"../../../Engine/Content/MobileResources/HUD/MobileHUDButton1_off.uasset" 191
"../../../Engine/Content/MobileResources/HUD/MobileHUDButton1_on.uasset" 192
"../../../Engine/Content/MobileResources/HUD/MobileHUDButton2_off.uasset" 193
"../../../Engine/Content/MobileResources/HUD/MobileHUDButton2_on.uasset" 194
"../../../Engine/Content/MobileResources/HUD/MobileHUDButton3.uasset" 195
"../../../Engine/Content/MobileResources/HUD/MobileHUDButtonFire.uasset" 196
"../../../Engine/Content/MobileResources/HUD/MobileHUDDirectionPad.uasset" 197
"../../../Engine/Content/MobileResources/HUD/MobileHUDDirectionPad2.uasset" 198
"../../../Engine/Content/MobileResources/HUD/MobileHUDDirectionPad3.uasset" 199
"../../../Engine/Content/MobileResources/HUD/MobileHUDDirectionStick.uasset" 200
"../../../Engine/Content/MobileResources/HUD/T_Castle_ThumbstickInner.uasset" 201
"../../../Engine/Content/MobileResources/HUD/T_Castle_ThumbstickOutter.uasset" 202
"../../../Engine/Content/Tutorial/ContentIntroCurve.uasset" 203
"../../../Engine/Content/Tutorial/Basics/LevelEditorAttract.uasset" 204
"../../../Engine/Content/Tutorial/BlueprintTutorials/TutorialAssets/Blueprint_64x.uasset" 205
"../../../Engine/Content/Tutorial/BlueprintTutorials/BlueprintEditorTutorial.uasset" 206
"../../../Engine/Content/Tutorial/BlueprintTutorials/LevelBlueprintEditorOverview.uasset" 207
"../../../Engine/Content/Tutorial/Mobile/TutorialAssets/android_Icon.uasset" 208
"../../../Engine/Content/Tutorial/Mobile/SettingUpAndroidTutorial.uasset" 209
"../../../Engine/Content/VREditor/LaserPointer/VR_LaserPower_01.uasset" 210
"../../../Engine/Content/VREditor/TransformGizmo/TransformGizmoMaterial.uasset" 211
"../../../Engine/Content/VREditor/TransformGizmo/TranslucentTransformGizmoMaterial.uasset" 212
"../../../Engine/Content/VREditor/TransformGizmo/BoundingBoxCorner.uasset" 213
"../../../Engine/Content/VREditor/TransformGizmo/BoundingBoxEdge.uasset" 214
"../../../Engine/Content/VREditor/TransformGizmo/PlaneTranslationHandle.uasset" 215
"../../../Engine/Content/VREditor/TransformGizmo/Main.uasset" 216
"../../../Engine/Content/VREditor/TransformGizmo/Xray.uasset" 217
"../../../Engine/Content/VREditor/TransformGizmo/SM_Sequencer_Key.uasset" 218
"../../../Engine/Content/VREditor/TransformGizmo/SM_Sequencer_Node.uasset" 219
"../../Plugins/2D/Paper2D/Content/PlaceholderTextures/DummySpriteTexture.uasset" 220
"../../Plugins/2D/Paper2D/Content/DummySprite.uasset" 221
"../../Plugins/2D/Paper2D/Content/DefaultPaperTerrainMaterial.uasset" 222
"../../Plugins/2D/Paper2D/Content/DummySpriteTexture.uasset" 223
"../../Plugins/2D/Paper2D/Content/DefaultSpriteMaterial.uasset" 224
"../../Plugins/2D/Paper2D/Content/MaskedUnlitSpriteMaterial.uasset" 225
"../../Plugins/2D/Paper2D/Content/OpaqueUnlitSpriteMaterial.uasset" 226
"../../Plugins/Runtime/Oculus/OculusVR/Content/OculusMR_RenderTarget.uasset" 227
"../../../Engine/Content/Functions/Engine_MaterialFunctions02/Utility/BreakOutFloat4Components.uasset" 228
"../../../Engine/Content/Functions/Engine_MaterialFunctions02/Utility/MakeFloat2.uasset" 229
"../../../Engine/Content/Functions/Engine_MaterialFunctions02/Utility/MakeFloat3.uasset" 230
"../../Plugins/Runtime/Oculus/OculusVR/Content/Materials/OculusMR_ChromaKey.uasset" 231
"../../Plugins/Runtime/Oculus/OculusVR/Content/Materials/OculusMR_ChromaKey_Lit.uasset" 232
"../../Plugins/Runtime/Oculus/OculusVR/Content/Materials/OculusMR_OpaqueColoredMaterial.uasset" 233
"../../Plugins/Runtime/Oculus/OculusVR/Content/Materials/OculusMR_WhiteMaterial.uasset" 234
"../../Plugins/Runtime/Oculus/OculusVR/Content/Materials/PokeAHoleMaterial.uasset" 235
"../../Plugins/Runtime/Oculus/OculusVR/Content/Textures/GearVRController_AO.uasset" 236
"../../Plugins/Runtime/Oculus/OculusVR/Content/Textures/GearVRController_Color.uasset" 237
"../../Plugins/Runtime/Oculus/OculusVR/Content/Textures/GearVRController_Normal.uasset" 238
"../../Plugins/Runtime/Oculus/OculusVR/Content/Materials/GearVRControllerMaterial.uasset" 239
"../../Plugins/Runtime/Oculus/OculusVR/Content/Meshes/GearVrController.uasset" 240
"../../Plugins/Runtime/Oculus/OculusVR/Content/Textures/touchController_albedo.uasset" 241
"../../Plugins/Runtime/Oculus/OculusVR/Content/Textures/touchController_controlmap.uasset" 242
"../../Plugins/Runtime/Oculus/OculusVR/Content/Materials/touchController_mat.uasset" 243
"../../Plugins/Runtime/Oculus/OculusVR/Content/Meshes/LeftTouchController.uasset" 244
"../../Plugins/Runtime/Oculus/OculusVR/Content/Meshes/RiftHMD.uasset" 245
"../../Plugins/Runtime/Oculus/OculusVR/Content/Meshes/RightTouchController.uasset" 246
"../../../../../../Users/ADMIN/Documents/battletank/FirstPersonShooter/Content/static/Player/Character/Mesh/SK_Mannequin_Arms_Skeleton.uasset" 247
"../../../../../../Users/ADMIN/Documents/battletank/FirstPersonShooter/Content/dynamic/character/Animations/FP_animationclips/FirstPerson_Idle.uasset" 248
"../../../../../../Users/ADMIN/Documents/battletank/FirstPersonShooter/Content/dynamic/character/Animations/FP_animationclips/FirstPerson_JumpEnd.uasset" 249
"../../../../../../Users/ADMIN/Documents/battletank/FirstPersonShooter/Content/dynamic/character/Animations/FP_animationclips/FirstPerson_JumpLoop.uasset" 250
"../../../../../../Users/ADMIN/Documents/battletank/FirstPersonShooter/Content/dynamic/character/Animations/FP_animationclips/FirstPerson_JumpStart.uasset" 251
"../../../../../../Users/ADMIN/Documents/battletank/FirstPersonShooter/Content/dynamic/character/Animations/FP_animationclips/FirstPerson_Run.uasset" 252
"../../../Engine/Content/EditorBlueprintResources/StandardMacros.uasset" 253
"../../../../../../Users/ADMIN/Documents/battletank/FirstPersonShooter/Content/dynamic/character/Animations/FirstPerson_AnimBP.uasset" 254
"../../../../../../Users/ADMIN/Documents/battletank/FirstPersonShooter/Content/dynamic/character/Animations/TP_Animationclips/Aim_Space_Ironsights.uasset" 255
"../../../../../../Users/ADMIN/Documents/battletank/FirstPersonShooter/Content/dynamic/character/Animations/aimoffset/aimdown.uasset" 256
"../../../../../../Users/ADMIN/Documents/battletank/FirstPersonShooter/Content/dynamic/character/Animations/aimoffset/aimmiddle.uasset" 257
"../../../../../../Users/ADMIN/Documents/battletank/FirstPersonShooter/Content/dynamic/character/Animations/aimoffset/aimup.uasset" 258
"../../../../../../Users/ADMIN/Documents/battletank/FirstPersonShooter/Content/dynamic/character/Animations/aimoffset/aimoffset.uasset" 259
"../../../../../../Users/ADMIN/Documents/battletank/FirstPersonShooter/Content/dynamic/character/Animations/TP_Animationclips/Crouch_Idle_Rifle_Hip.uasset" 260
"../../../../../../Users/ADMIN/Documents/battletank/FirstPersonShooter/Content/dynamic/character/Animations/TP_Animationclips/Death_3.uasset" 261
"../../../../../../Users/ADMIN/Documents/battletank/FirstPersonShooter/Content/dynamic/character/Animations/TP_Animationclips/Fire_Rifle_Ironsights_additive.uasset" 262
"../../../../../../Users/ADMIN/Documents/battletank/FirstPersonShooter/Content/dynamic/character/Animations/TP_Animationclips/Idle_Rifle_Hip.uasset" 263
"../../../../../../Users/ADMIN/Documents/battletank/FirstPersonShooter/Content/dynamic/character/Animations/TP_Animationclips/Idle_Rifle_Ironsights.uasset" 264
"../../../../../../Users/ADMIN/Documents/battletank/FirstPersonShooter/Content/dynamic/character/Animations/TP_Animationclips/Jump_From_Jog.uasset" 265
"../../../../../../Users/ADMIN/Documents/battletank/FirstPersonShooter/Content/dynamic/character/Animations/TP_Animationclips/Jump_From_Stand.uasset" 266
"../../../../../../Users/ADMIN/Documents/battletank/FirstPersonShooter/Content/dynamic/character/Animations/TP_Animationclips/Crouch_Walk_Bwd_Rifle_Hip.uasset" 267
"../../../../../../Users/ADMIN/Documents/battletank/FirstPersonShooter/Content/dynamic/character/Animations/TP_Animationclips/Crouch_Walk_Fwd_Rifle_Hip.uasset" 268
"../../../../../../Users/ADMIN/Documents/battletank/FirstPersonShooter/Content/dynamic/character/Animations/TP_Animationclips/Crouch_Walk_Lt_Rifle_Hip.uasset" 269
"../../../../../../Users/ADMIN/Documents/battletank/FirstPersonShooter/Content/dynamic/character/Animations/TP_Animationclips/Crouch_Walk_Rt_Rifle_Hip.uasset" 270
"../../../../../../Users/ADMIN/Documents/battletank/FirstPersonShooter/Content/dynamic/character/Animations/BlendSpaces/BS_CrouchWalk.uasset" 271
"../../../../../../Users/ADMIN/Documents/battletank/FirstPersonShooter/Content/dynamic/character/Animations/TP_Animationclips/Jog_Bwd_Rifle.uasset" 272
"../../../../../../Users/ADMIN/Documents/battletank/FirstPersonShooter/Content/dynamic/character/Animations/TP_Animationclips/Jog_Fwd_Rifle.uasset" 273
"../../../../../../Users/ADMIN/Documents/battletank/FirstPersonShooter/Content/dynamic/character/Animations/TP_Animationclips/Jog_Lt_Rifle.uasset" 274
"../../../../../../Users/ADMIN/Documents/battletank/FirstPersonShooter/Content/dynamic/character/Animations/TP_Animationclips/Jog_Rt_Rifle.uasset" 275
"../../../../../../Users/ADMIN/Documents/battletank/FirstPersonShooter/Content/dynamic/character/Animations/BlendSpaces/BS_Jog.uasset" 276
"../../../../../../Users/ADMIN/Documents/battletank/FirstPersonShooter/Content/dynamic/character/Animations/TP_Animationclips/Walk_Bwd_Rifle_Ironsights.uasset" 277
"../../../../../../Users/ADMIN/Documents/battletank/FirstPersonShooter/Content/dynamic/character/Animations/TP_Animationclips/Walk_Fwd_Rifle_Ironsights.uasset" 278
"../../../../../../Users/ADMIN/Documents/battletank/FirstPersonShooter/Content/dynamic/character/Animations/TP_Animationclips/Walk_Lt_Rifle_Ironsights.uasset" 279
"../../../../../../Users/ADMIN/Documents/battletank/FirstPersonShooter/Content/dynamic/character/Animations/TP_Animationclips/Walk_Rt_Rifle_Ironsights.uasset" 280
"../../../../../../Users/ADMIN/Documents/battletank/FirstPersonShooter/Content/dynamic/character/Animations/BlendSpaces/walk_aim.uasset" 281
"../../../../../../Users/ADMIN/Documents/battletank/FirstPersonShooter/Content/dynamic/character/Animations/TPAnimation.uasset" 282
"../../../../../../Users/ADMIN/Documents/battletank/FirstPersonShooter/Content/dynamic/character/AI/patroldata.uasset" 283
"../../../../../../Users/ADMIN/Documents/battletank/FirstPersonShooter/Content/dynamic/character/AI/choosenxtwaypoint.uasset" 284
"../../../../../../Users/ADMIN/Documents/battletank/FirstPersonShooter/Content/dynamic/character/AI/patrol.uasset" 285
"../../../../../../Users/ADMIN/Documents/battletank/FirstPersonShooter/Content/dynamic/character/AI/shoot.uasset" 286
"../../../../../../Users/ADMIN/Documents/battletank/FirstPersonShooter/Content/dynamic/character/AI/shootingsequence.uasset" 287
"../../../../../../Users/ADMIN/Documents/battletank/FirstPersonShooter/Content/dynamic/character/AI/clearblackboard.uasset" 288
"../../../../../../Users/ADMIN/Documents/battletank/FirstPersonShooter/Content/dynamic/character/AI/suspision.uasset" 289
"../../../../../../Users/ADMIN/Documents/battletank/FirstPersonShooter/Content/dynamic/character/AI/suspicion.uasset" 290
"../../../../../../Users/ADMIN/Documents/battletank/FirstPersonShooter/Content/dynamic/character/AI/gaurd.uasset" 291
"../../../../../../Users/ADMIN/Documents/battletank/FirstPersonShooter/Content/dynamic/character/AI/AI_controller.uasset" 292
"../../../../../../Users/ADMIN/Documents/battletank/FirstPersonShooter/Content/dynamic/character/Animations/FP_animationclips/FirstPerson_Fire.uasset" 293
"../../../../../../Users/ADMIN/Documents/battletank/FirstPersonShooter/Content/dynamic/character/Animations/FirstPersonFire_Montage.uasset" 294
"../../../../../../Users/ADMIN/Documents/battletank/FirstPersonShooter/Content/dynamic/character/Animations/TP_Animationclips/Fire_Rifle_Ironsights.uasset" 295
"../../../../../../Users/ADMIN/Documents/battletank/FirstPersonShooter/Content/dynamic/character/Animations/montage_TP.uasset" 296
"../../../../../../Users/ADMIN/Documents/battletank/FirstPersonShooter/Content/dynamic/weapons/behaviour/material.uasset" 297
"../../../../../../Users/ADMIN/Documents/battletank/FirstPersonShooter/Content/dynamic/weapons/behaviour/gunmaterial.uasset" 298
"../../../../../../Users/ADMIN/Documents/battletank/FirstPersonShooter/Content/static/Player/Meshes/FirstPersonProjectileMaterial.uasset" 299
"../../../../../../Users/ADMIN/Documents/battletank/FirstPersonShooter/Content/static/Player/Meshes/FirstPersonProjectileMesh.uasset" 300
"../../../../../../Users/ADMIN/Documents/battletank/FirstPersonShooter/Content/dynamic/weapons/behaviour/FirstPersonProjectile.uasset" 301
"../../../../../../Users/ADMIN/Documents/battletank/FirstPersonShooter/Content/static/Player/Audio/FirstPersonTemplateWeaponFire02.uasset" 302
"../../../Engine/Content/Functions/Engine_MaterialFunctions02/Utility/BlendAngleCorrectedNormals.uasset" 303
"../../../Engine/Content/Functions/MaterialLayerFunctions/MatLayerBlend_NormalBlend.uasset" 304
"../../../Engine/Content/Functions/MaterialLayerFunctions/MatLayerBlend_Simple.uasset" 305
"../../../../../../Users/ADMIN/Documents/battletank/FirstPersonShooter/Content/static/weapons/Materials/MaterialLayers/T_ML_Rubber_Blue_01_D.uasset" 306
"../../../../../../Users/ADMIN/Documents/battletank/FirstPersonShooter/Content/static/weapons/Materials/MaterialLayers/T_ML_Rubber_Blue_01_N.uasset" 307
"../../../../../../Users/ADMIN/Documents/battletank/FirstPersonShooter/Content/static/weapons/Materials/MaterialLayers/ML_GlossyBlack_Latex_UE4.uasset" 308
"../../../../../../Users/ADMIN/Documents/battletank/FirstPersonShooter/Content/static/weapons/Materials/MaterialLayers/ML_Plastic_Shiny_Beige.uasset" 309
"../../../../../../Users/ADMIN/Documents/battletank/FirstPersonShooter/Content/static/weapons/Materials/MaterialLayers/ML_Screen.uasset" 310
"../../../../../../Users/ADMIN/Documents/battletank/FirstPersonShooter/Content/static/weapons/Materials/MaterialLayers/T_ML_Aluminum01.uasset" 311
"../../../../../../Users/ADMIN/Documents/battletank/FirstPersonShooter/Content/static/weapons/Materials/MaterialLayers/T_ML_Aluminum01_N.uasset" 312
"../../../../../../Users/ADMIN/Documents/battletank/FirstPersonShooter/Content/static/weapons/Materials/MaterialLayers/ML_SoftMetal_UE4.uasset" 313
"../../../../../../Users/ADMIN/Documents/battletank/FirstPersonShooter/Content/static/weapons/Textures/T_FPGun_M.uasset" 314
"../../../../../../Users/ADMIN/Documents/battletank/FirstPersonShooter/Content/static/weapons/Textures/T_FPGun_N.uasset" 315
"../../../../../../Users/ADMIN/Documents/battletank/FirstPersonShooter/Content/static/weapons/Materials/M_FPGun.uasset" 316
"../../../../../../Users/ADMIN/Documents/battletank/FirstPersonShooter/Content/static/weapons/Mesh/SK_FPGun_Skeleton.uasset" 317
"../../../../../../Users/ADMIN/Documents/battletank/FirstPersonShooter/Content/static/weapons/Mesh/SK_FPGun.uasset" 318
"../../../../../../Users/ADMIN/Documents/battletank/FirstPersonShooter/Content/dynamic/weapons/behaviour/Gun_BP.uasset" 319
"../../../Engine/Content/Functions/MaterialLayerFunctions/MatLayerBlend_AO.uasset" 320
"../../../../../../Users/ADMIN/Documents/battletank/FirstPersonShooter/Content/static/NPC/character/T_ML_Rubber_Blue_01_D.uasset" 321
"../../../../../../Users/ADMIN/Documents/battletank/FirstPersonShooter/Content/static/NPC/character/T_ML_Rubber_Blue_01_N.uasset" 322
"../../../../../../Users/ADMIN/Documents/battletank/FirstPersonShooter/Content/static/NPC/character/ML_GlossyBlack_Latex_UE4.uasset" 323
"../../../../../../Users/ADMIN/Documents/battletank/FirstPersonShooter/Content/static/NPC/character/ML_Plastic_Shiny_Beige.uasset" 324
"../../../../../../Users/ADMIN/Documents/battletank/FirstPersonShooter/Content/static/NPC/character/UE4_LOGO_CARD.uasset" 325
"../../../../../../Users/ADMIN/Documents/battletank/FirstPersonShooter/Content/static/NPC/character/ML_Plastic_Shiny_Beige_LOGO.uasset" 326
"../../../../../../Users/ADMIN/Documents/battletank/FirstPersonShooter/Content/static/NPC/character/T_ML_Aluminum01.uasset" 327
"../../../../../../Users/ADMIN/Documents/battletank/FirstPersonShooter/Content/static/NPC/character/T_ML_Aluminum01_N.uasset" 328
"../../../../../../Users/ADMIN/Documents/battletank/FirstPersonShooter/Content/static/NPC/character/ML_SoftMetal_UE4.uasset" 329
"../../../../../../Users/ADMIN/Documents/battletank/FirstPersonShooter/Content/static/NPC/character/UE4_Mannequin__normals.uasset" 330
"../../../../../../Users/ADMIN/Documents/battletank/FirstPersonShooter/Content/static/NPC/character/UE4_Mannequin_MAT_MASKA.uasset" 331
"../../../../../../Users/ADMIN/Documents/battletank/FirstPersonShooter/Content/static/NPC/character/UE4_Mannequin_occlusion_Mobile.uasset" 332
"../../../../../../Users/ADMIN/Documents/battletank/FirstPersonShooter/Content/static/NPC/character/M_UE4Man_Body.uasset" 333
"../../../../../../Users/ADMIN/Documents/battletank/FirstPersonShooter/Content/static/NPC/character/UE4Man_Logo_N.uasset" 334
"../../../../../../Users/ADMIN/Documents/battletank/FirstPersonShooter/Content/static/NPC/character/M_UE4Man_ChestLogo.uasset" 335
"../../../../../../Users/ADMIN/Documents/battletank/FirstPersonShooter/Content/static/NPC/character/SK_Mannequin_PhysicsAsset.uasset" 336
"../../../../../../Users/ADMIN/Documents/battletank/FirstPersonShooter/Content/static/NPC/character/SK_Mannequin.uasset" 337
"../../../../../../Users/ADMIN/Documents/battletank/FirstPersonShooter/Content/static/Player/Character/Materials/MaterialLayers/T_ML_Rubber_Blue_01_D.uasset" 338
"../../../../../../Users/ADMIN/Documents/battletank/FirstPersonShooter/Content/static/Player/Character/Materials/MaterialLayers/T_ML_Rubber_Blue_01_N.uasset" 339
"../../../../../../Users/ADMIN/Documents/battletank/FirstPersonShooter/Content/static/Player/Character/Materials/MaterialLayers/ML_GlossyBlack_Latex_UE4.uasset" 340
"../../../../../../Users/ADMIN/Documents/battletank/FirstPersonShooter/Content/static/Player/Character/Materials/MaterialLayers/ML_Plastic_Shiny_Beige.uasset" 341
"../../../../../../Users/ADMIN/Documents/battletank/FirstPersonShooter/Content/static/Player/Character/Materials/MaterialLayers/ML_Plastic_Shiny_Beige_LOGO.uasset" 342
"../../../../../../Users/ADMIN/Documents/battletank/FirstPersonShooter/Content/static/Player/Character/Materials/MaterialLayers/T_ML_Aluminum01.uasset" 343
"../../../../../../Users/ADMIN/Documents/battletank/FirstPersonShooter/Content/static/Player/Character/Materials/MaterialLayers/T_ML_Aluminum01_N.uasset" 344
"../../../../../../Users/ADMIN/Documents/battletank/FirstPersonShooter/Content/static/Player/Character/Materials/MaterialLayers/ML_SoftMetal_UE4.uasset" 345
"../../../../../../Users/ADMIN/Documents/battletank/FirstPersonShooter/Content/static/Player/Character/Textures/UE4_Mannequin__normals.uasset" 346
"../../../../../../Users/ADMIN/Documents/battletank/FirstPersonShooter/Content/static/Player/Character/Textures/UE4_Mannequin_MAT_MASKA.uasset" 347
"../../../../../../Users/ADMIN/Documents/battletank/FirstPersonShooter/Content/static/Player/Character/Materials/M_UE4Man_Body.uasset" 348
"../../../../../../Users/ADMIN/Documents/battletank/FirstPersonShooter/Content/static/Player/Character/Mesh/SK_Mannequin_Arms_PhysicsAsset.uasset" 349
"../../../../../../Users/ADMIN/Documents/battletank/FirstPersonShooter/Content/static/Player/Character/Mesh/SK_Mannequin_Arms.uasset" 350
"../../../../../../Users/ADMIN/Documents/battletank/FirstPersonShooter/Content/dynamic/character/Behaviour/character.uasset" 351
"../../../../../../Users/ADMIN/Documents/battletank/FirstPersonShooter/Content/dynamic/character/Behaviour/playercontroller.uasset" 352
"../../../../../../Users/ADMIN/Documents/battletank/FirstPersonShooter/Content/dynamic/HUD/scoreWidgit.uasset" 353
"../../../../../../Users/ADMIN/Documents/battletank/FirstPersonShooter/Content/dynamic/HUD/HUD_BP.uasset" 354
"../../../../../../Users/ADMIN/Documents/battletank/FirstPersonShooter/Content/dynamic/InfinitrGameMode.uasset" 355
"../../../Engine/Content/Functions/Engine_MaterialFunctions01/ImageAdjustment/BlurSampleOffsets.uasset" 356
"../../../Engine/Content/Functions/Engine_MaterialFunctions01/ImageAdjustment/CheapContrast_RGB.uasset" 357
"../../../Engine/Content/Functions/Engine_MaterialFunctions02/HueShift.uasset" 358
"../../../Engine/Content/Functions/Engine_MaterialFunctions02/Texturing/ScreenAlignedPixelToPixelUVs.uasset" 359
"../../../Engine/Content/EngineMaterials/Good64x64TilingNoiseHighFreq.uasset" 360
"../../../Engine/Content/Functions/Engine_MaterialFunctions02/Utility/DitherTemporalAA.uasset" 361
"../../../../../../Users/ADMIN/Documents/battletank/FirstPersonShooter/Content/static/TestingGroundPack/IndustryPropsPack4/Textures/BaseTextures/base_black_d.uasset" 362
"../../../../../../Users/ADMIN/Documents/battletank/FirstPersonShooter/Content/static/TestingGroundPack/IndustryPropsPack4/Textures/BaseTextures/base_flat_n.uasset" 363
"../../../../../../Users/ADMIN/Documents/battletank/FirstPersonShooter/Content/static/TestingGroundPack/IndustryPropsPack4/Textures/BaseTextures/base_gray_d.uasset" 364
"../../../../../../Users/ADMIN/Documents/battletank/FirstPersonShooter/Content/static/TestingGroundPack/IndustryPropsPack4/Materials/BaseMaterial/bese_material.uasset" 365
"../../../../../../Users/ADMIN/Documents/battletank/FirstPersonShooter/Content/static/TestingGroundPack/IndustryPropsPack4/Textures/Canister_D.uasset" 366
"../../../../../../Users/ADMIN/Documents/battletank/FirstPersonShooter/Content/static/TestingGroundPack/IndustryPropsPack4/Textures/Canister_N.uasset" 367
"../../../../../../Users/ADMIN/Documents/battletank/FirstPersonShooter/Content/static/TestingGroundPack/IndustryPropsPack4/Textures/Canister_SRM.uasset" 368
"../../../../../../Users/ADMIN/Documents/battletank/FirstPersonShooter/Content/static/TestingGroundPack/IndustryPropsPack4/Materials/Canister.uasset" 369
"../../../../../../Users/ADMIN/Documents/battletank/FirstPersonShooter/Content/static/TestingGroundPack/IndustryPropsPack4/Meshes/Canister1.uasset" 370
"../../../../../../Users/ADMIN/Documents/battletank/FirstPersonShooter/Content/dynamic/Terrain/props/Canister1_BP.uasset" 371
"../../../../../../Users/ADMIN/Documents/battletank/FirstPersonShooter/Content/static/TestingGroundPack/IndustryPropsPack4/Textures/Container_D.uasset" 372
"../../../../../../Users/ADMIN/Documents/battletank/FirstPersonShooter/Content/static/TestingGroundPack/IndustryPropsPack4/Textures/Container_N.uasset" 373
"../../../../../../Users/ADMIN/Documents/battletank/FirstPersonShooter/Content/static/TestingGroundPack/IndustryPropsPack4/Textures/Container_SRM.uasset" 374
"../../../../../../Users/ADMIN/Documents/battletank/FirstPersonShooter/Content/static/TestingGroundPack/IndustryPropsPack4/Textures/Dirt2_N.uasset" 375
"../../../../../../Users/ADMIN/Documents/battletank/FirstPersonShooter/Content/static/TestingGroundPack/IndustryPropsPack4/Materials/Container.uasset" 376
"../../../../../../Users/ADMIN/Documents/battletank/FirstPersonShooter/Content/static/TestingGroundPack/IndustryPropsPack4/Meshes/Container.uasset" 377
"../../../../../../Users/ADMIN/Documents/battletank/FirstPersonShooter/Content/static/TestingGroundPack/IndustryPropsPack4/Meshes/ContainerDoorL.uasset" 378
"../../../../../../Users/ADMIN/Documents/battletank/FirstPersonShooter/Content/static/TestingGroundPack/IndustryPropsPack4/Meshes/ContainerDoorR.uasset" 379
"../../../../../../Users/ADMIN/Documents/battletank/FirstPersonShooter/Content/dynamic/Terrain/props/Container_BP.uasset" 380
"../../../../../../Users/ADMIN/Documents/battletank/FirstPersonShooter/Content/static/TestingGroundPack/RockPackProV1/Rock05/Textures/Rock05_Albedo.uasset" 381
"../../../../../../Users/ADMIN/Documents/battletank/FirstPersonShooter/Content/static/TestingGroundPack/RockPackProV1/Rock05/Textures/Rock05_Normals.uasset" 382
"../../../../../../Users/ADMIN/Documents/battletank/FirstPersonShooter/Content/static/TestingGroundPack/RockPackProV1/Rock05/Textures/Rock05_Occlusion.uasset" 383
"../../../../../../Users/ADMIN/Documents/battletank/FirstPersonShooter/Content/static/TestingGroundPack/RockPackProV1/Rock05/Rock05_Material.uasset" 384
"../../../../../../Users/ADMIN/Documents/battletank/FirstPersonShooter/Content/static/TestingGroundPack/RockPackProV1/Rock05/Rock05_High.uasset" 385
"../../../../../../Users/ADMIN/Documents/battletank/FirstPersonShooter/Content/dynamic/Terrain/props/Rock_05_BP.uasset" 386
"../../../../../../Users/ADMIN/Documents/battletank/FirstPersonShooter/Content/static/TestingGroundPack/RockPackProV1/Rock17/Textures/Rock17_Albedo.uasset" 387
"../../../../../../Users/ADMIN/Documents/battletank/FirstPersonShooter/Content/static/TestingGroundPack/RockPackProV1/Rock17/Textures/Rock17_Normals.uasset" 388
"../../../../../../Users/ADMIN/Documents/battletank/FirstPersonShooter/Content/static/TestingGroundPack/RockPackProV1/Rock17/Textures/Rock17_Occlusion.uasset" 389
"../../../../../../Users/ADMIN/Documents/battletank/FirstPersonShooter/Content/static/TestingGroundPack/RockPackProV1/Rock17/Rock17_Material.uasset" 390
"../../../../../../Users/ADMIN/Documents/battletank/FirstPersonShooter/Content/static/TestingGroundPack/RockPackProV1/Rock17/Rock17_High.uasset" 391
"../../../../../../Users/ADMIN/Documents/battletank/FirstPersonShooter/Content/dynamic/Terrain/props/Rock_17_BP.uasset" 392
"../../../../../../Users/ADMIN/Documents/battletank/FirstPersonShooter/Content/static/TestingGroundPack/IndustryPropsPack4/Textures/TrashCan_D.uasset" 393
"../../../../../../Users/ADMIN/Documents/battletank/FirstPersonShooter/Content/static/TestingGroundPack/IndustryPropsPack4/Textures/TrashCan_N.uasset" 394
"../../../../../../Users/ADMIN/Documents/battletank/FirstPersonShooter/Content/static/TestingGroundPack/IndustryPropsPack4/Textures/TrashCan_SRM.uasset" 395
"../../../../../../Users/ADMIN/Documents/battletank/FirstPersonShooter/Content/static/TestingGroundPack/IndustryPropsPack4/Materials/TrashCan.uasset" 396
"../../../../../../Users/ADMIN/Documents/battletank/FirstPersonShooter/Content/static/TestingGroundPack/IndustryPropsPack4/Meshes/Sack1.uasset" 397
"../../../../../../Users/ADMIN/Documents/battletank/FirstPersonShooter/Content/dynamic/Terrain/props/Sack1_BP.uasset" 398
"../../../../../../Users/ADMIN/Documents/battletank/FirstPersonShooter/Content/static/TestingGroundPack/IndustryPropsPack4/Textures/Box_D.uasset" 399
"../../../../../../Users/ADMIN/Documents/battletank/FirstPersonShooter/Content/static/TestingGroundPack/IndustryPropsPack4/Textures/Box_N.uasset" 400
"../../../../../../Users/ADMIN/Documents/battletank/FirstPersonShooter/Content/static/TestingGroundPack/IndustryPropsPack4/Textures/Box_SRM.uasset" 401
"../../../../../../Users/ADMIN/Documents/battletank/FirstPersonShooter/Content/static/TestingGroundPack/IndustryPropsPack4/Materials/Box.uasset" 402
"../../../../../../Users/ADMIN/Documents/battletank/FirstPersonShooter/Content/static/TestingGroundPack/IndustryPropsPack4/Meshes/Box2.uasset" 403
"../../../../../../Users/ADMIN/Documents/battletank/FirstPersonShooter/Content/dynamic/Terrain/props/supply_BP.uasset" 404
"../../../../../../Users/ADMIN/Documents/battletank/FirstPersonShooter/Content/dynamic/Terrain/material.uasset" 405
"../../../../../../Users/ADMIN/Documents/battletank/FirstPersonShooter/Content/dynamic/Terrain/greenbarrier.uasset" 406
"../../../../../../Users/ADMIN/Documents/battletank/FirstPersonShooter/Content/dynamic/Terrain/redbarrier.uasset" 407
"../../../../../../Users/ADMIN/Documents/battletank/FirstPersonShooter/Content/static/TestingGroundPack/GrassPack/Textures/BaseTextures/base_flat_n.uasset" 408
"../../../../../../Users/ADMIN/Documents/battletank/FirstPersonShooter/Content/static/TestingGroundPack/GrassPack/Textures/BaseTextures/base_gray_d.uasset" 409
"../../../../../../Users/ADMIN/Documents/battletank/FirstPersonShooter/Content/static/TestingGroundPack/GrassPack/Materials/BaseMaterial/bese_material.uasset" 410
"../../../../../../Users/ADMIN/Documents/battletank/FirstPersonShooter/Content/static/TestingGroundPack/GrassPack/Textures/Ground_D.uasset" 411
"../../../../../../Users/ADMIN/Documents/battletank/FirstPersonShooter/Content/static/TestingGroundPack/GrassPack/Textures/Ground_N.uasset" 412
"../../../../../../Users/ADMIN/Documents/battletank/FirstPersonShooter/Content/static/TestingGroundPack/GrassPack/Materials/Ground.uasset" 413
"../../../../../../Users/ADMIN/Documents/battletank/FirstPersonShooter/Content/dynamic/Terrain/ground.uasset" 414
"../../../../../../Users/ADMIN/Documents/battletank/FirstPersonShooter/Content/static/Geometry/Meshes/1M_Cube.uasset" 415
"../../../Engine/Content/Functions/Engine_MaterialFunctions01/Gradient/LinearGradient.uasset" 416
"../../../Engine/Content/Functions/Engine_MaterialFunctions01/Shading/FuzzyShadingGrass.uasset" 417
"../../../Engine/Content/Functions/Engine_MaterialFunctions01/WorldPositionOffset/SimpleGrassWind.uasset" 418
"../../../../../../Users/ADMIN/Documents/battletank/FirstPersonShooter/Content/static/TestingGroundPack/GrassPack/Textures/BaseTextures/Mask1.uasset" 419
"../../../../../../Users/ADMIN/Documents/battletank/FirstPersonShooter/Content/static/TestingGroundPack/GrassPack/Materials/BaseMaterial/Flora_twoSides.uasset" 420
"../../../../../../Users/ADMIN/Documents/battletank/FirstPersonShooter/Content/static/TestingGroundPack/GrassPack/Textures/Grass_D.uasset" 421
"../../../../../../Users/ADMIN/Documents/battletank/FirstPersonShooter/Content/static/TestingGroundPack/GrassPack/Textures/Grass_N.uasset" 422
"../../../../../../Users/ADMIN/Documents/battletank/FirstPersonShooter/Content/static/TestingGroundPack/GrassPack/Materials/grass.uasset" 423
"../../../../../../Users/ADMIN/Documents/battletank/FirstPersonShooter/Content/static/TestingGroundPack/GrassPack/Meshes/grass01.uasset" 424
"../../../../../../Users/ADMIN/Documents/battletank/FirstPersonShooter/Content/static/TestingGroundPack/GrassPack/Textures/Grass2_D.uasset" 425
"../../../../../../Users/ADMIN/Documents/battletank/FirstPersonShooter/Content/static/TestingGroundPack/GrassPack/Textures/Grass2_N.uasset" 426
"../../../../../../Users/ADMIN/Documents/battletank/FirstPersonShooter/Content/static/TestingGroundPack/GrassPack/Materials/grass2.uasset" 427
"../../../../../../Users/ADMIN/Documents/battletank/FirstPersonShooter/Content/static/TestingGroundPack/GrassPack/Meshes/grass02.uasset" 428
"../../../../../../Users/ADMIN/Documents/battletank/FirstPersonShooter/Content/static/TestingGroundPack/GrassPack/Textures/Grass5_D.uasset" 429
"../../../../../../Users/ADMIN/Documents/battletank/FirstPersonShooter/Content/static/TestingGroundPack/GrassPack/Textures/Grass5_N.uasset" 430
"../../../../../../Users/ADMIN/Documents/battletank/FirstPersonShooter/Content/static/TestingGroundPack/GrassPack/Materials/grass5.uasset" 431
"../../../../../../Users/ADMIN/Documents/battletank/FirstPersonShooter/Content/static/TestingGroundPack/GrassPack/Meshes/grass05.uasset" 432
"../../../../../../Users/ADMIN/Documents/battletank/FirstPersonShooter/Content/dynamic/Terrain/Tile_BP.uasset" 433
"../../../Engine/Content/EngineSky/C_Sky_Cloud_Color.uasset" 434
"../../../Engine/Content/EngineSky/C_Sky_Horizon_Color.uasset" 435
"../../../Engine/Content/EngineSky/C_Sky_Zenith_Color.uasset" 436
"../../../Engine/Content/EngineSky/T_Sky_Blue.uasset" 437
"../../../Engine/Content/EngineSky/T_Sky_Clouds_M.uasset" 438
"../../../Engine/Content/EngineSky/T_Sky_Stars.uasset" 439
"../../../Engine/Content/EngineSky/M_Sky_Panning_Clouds2.uasset" 440
"../../../Engine/Content/EngineSky/SM_SkySphere.uasset" 441
"../../../Engine/Content/EngineSky/BP_Sky_Sphere.uasset" 442
"../../../../../../Users/ADMIN/Documents/battletank/FirstPersonShooter/Content/dynamic/Level/FirstPersonExampleMap_BuiltData.uasset" 443
"../../../../../../Users/ADMIN/Documents/battletank/FirstPersonShooter/Content/dynamic/Level/FirstPersonExampleMap.umap" 444
"../../../Engine/Content/Maps/Entry_BuiltData.uasset" 445
"../../../Engine/Content/Maps/Entry.umap" 446
